CompileCommand: exclude com/intellij/openapi/vfs/impl/FilePartNodeRoot.trieDescend bool exclude = true
Do not use URL connection as JarURLConnection
Do not use URL connection as JarURLConnection
Do not use URL connection as JarURLConnection
Do not use URL connection as JarURLConnection
Do not use URL connection as JarURLConnection
Do not use URL connection as JarURLConnection
Do not use URL connection as JarURLConnection
Do not use URL connection as JarURLConnection
Do not use URL connection as JarURLConnection
Do not use URL connection as JarURLConnection
Do not use URL connection as JarURLConnection
Do not use URL connection as JarURLConnection
Do not use URL connection as JarURLConnection
Do not use URL connection as JarURLConnection
Do not use URL connection as JarURLConnection
Do not use URL connection as JarURLConnection
Do not use URL connection as JarURLConnection
Do not use URL connection as JarURLConnection
Do not use URL connection as JarURLConnection
Do not use URL connection as JarURLConnection
Do not use URL connection as JarURLConnection
Do not use URL connection as JarURLConnection
Do not use URL connection as JarURLConnection
Do not use URL connection as JarURLConnection
Do not use URL connection as JarURLConnection
Do not use URL connection as JarURLConnection
Do not use URL connection as JarURLConnection
Do not use URL connection as JarURLConnection
Do not use URL connection as JarURLConnection
Do not use URL connection as JarURLConnection
Do not use URL connection as JarURLConnection
Do not use URL connection as JarURLConnection
Do not use URL connection as JarURLConnection
Do not use URL connection as JarURLConnection
Do not use URL connection as JarURLConnection
Do not use URL connection as JarURLConnection
Do not use URL connection as JarURLConnection
Do not use URL connection as JarURLConnection
Do not use URL connection as JarURLConnection
Do not use URL connection as JarURLConnection
Do not use URL connection as JarURLConnection
Do not use URL connection as JarURLConnection
Do not use URL connection as JarURLConnection
Do not use URL connection as JarURLConnection
Do not use URL connection as JarURLConnection
Do not use URL connection as JarURLConnection
Do not use URL connection as JarURLConnection
Do not use URL connection as JarURLConnection
Do not use URL connection as JarURLConnection
Do not use URL connection as JarURLConnection
Do not use URL connection as JarURLConnection
Do not use URL connection as JarURLConnection
Do not use URL connection as JarURLConnection
Do not use URL connection as JarURLConnection
Do not use URL connection as JarURLConnection
Do not use URL connection as JarURLConnection
Do not use URL connection as JarURLConnection
Do not use URL connection as JarURLConnection
Do not use URL connection as JarURLConnection
Do not use URL connection as JarURLConnection
Do not use URL connection as JarURLConnection
Do not use URL connection as JarURLConnection
Do not use URL connection as JarURLConnection
Do not use URL connection as JarURLConnection
Do not use URL connection as JarURLConnection
2023-11-17 14:47:02,715 [   3646]   WARN - #c.i.c.ComponentStoreImpl - Duplicated scheme Light - old: Light, new Light

Info  | RdCoroutineScope          | 67:DefaultDispatcher-worker-50 | RdCoroutineHost overridden 
2023-11-17 14:47:06,526 [   7457]   WARN - #o.j.i.maven - performImport async: Linear Import is disabled
2023-11-17 14:47:06,840 [   7771]   WARN - #o.j.i.maven - Trying to add the same listener twice
2023-11-17 14:47:06,848 [   7779]   WARN - #o.j.i.maven - updateAllMavenProjectsSync started, edt=false
2023-11-17 14:47:11,217 [  12148]   WARN - #o.j.i.maven - updateAllMavenProjectsSync finished, edt=false
2023-11-17 14:47:14,318 [  15249]   WARN - #c.i.e.r.RemoteProcessSupport - SLF4J: Class path contains multiple SLF4J bindings.
2023-11-17 14:47:14,319 [  15250]   WARN - #c.i.e.r.RemoteProcessSupport - SLF4J: Found binding in [jar:file:/home/lucopdev/idea-IC-232.10203.10/plugins/maven/lib/maven36-server.jar!/org/slf4j/impl/StaticLoggerBinder.class]
2023-11-17 14:47:14,319 [  15250]   WARN - #c.i.e.r.RemoteProcessSupport - SLF4J: Found binding in [jar:file:/home/lucopdev/idea-IC-232.10203.10/lib/util-8.jar!/org/slf4j/impl/StaticLoggerBinder.class]
2023-11-17 14:47:14,319 [  15250]   WARN - #c.i.e.r.RemoteProcessSupport - SLF4J: See http://www.slf4j.org/codes.html#multiple_bindings for an explanation.
2023-11-17 14:47:14,323 [  15254]   WARN - #c.i.e.r.RemoteProcessSupport - SLF4J: Actual binding is of type [org.jetbrains.idea.maven.server.Maven3WrapperSl4LoggerFactory]
2023-11-17 14:47:19,622 [  20553]   WARN - #o.j.k.i.s.r.KotlinCompilerReferenceIndexStorage - kotlin-data-container is not found
2023-11-17 14:47:24,190 [  25121]   WARN - #c.i.o.v.ExternallyAddedFilesProcessorImpl - Cannot find project config directory for non-default and non-directory based project java-029-java-projeto-final-agrix-fase-a
2023-11-17 14:47:35,763 [  36694]   WARN - #c.i.o.v.ExternallyAddedFilesProcessorImpl - Cannot find project config directory for non-default and non-directory based project java-029-java-projeto-final-agrix-fase-a
2023-11-17 14:47:56,277 [  57208] SEVERE - com.jediterm.terminal.model.TerminalTextBuffer - Attempt to get line out of bounds: 14 >= 14
2023-11-17 14:47:56,279 [  57210] SEVERE - com.jediterm.terminal.model.TerminalTextBuffer - Attempt to get line out of bounds: 14 >= 14
2023-11-17 14:47:57,283 [  58214]   WARN - #c.i.o.v.ExternallyAddedFilesProcessorImpl - Cannot find project config directory for non-default and non-directory based project java-029-java-projeto-final-agrix-fase-a
2023-11-17 14:48:00,871 [  61802]   WARN - #c.i.o.v.ExternallyAddedFilesProcessorImpl - Cannot find project config directory for non-default and non-directory based project java-029-java-projeto-final-agrix-fase-a
2023-11-17 14:48:02,224 [  63155]   WARN - #git4idea.annotate.GitAnnotationProvider - Git annotations are empty for file /home/lucopdev/trybe/java/projetos/java-029-java-projeto-final-agrix-fase-a/Dockerfile in revision 6e960fd9f0e3eae5e21e40f17808cba91cdf2d0a

2023-11-17 14:48:14,306 [  75237]   WARN - #o.j.i.maven - updateAllMavenProjectsSync started, edt=false
2023-11-17 14:48:14,311 [  75242]   WARN - #o.j.i.maven - updateAllMavenProjectsSync finished, edt=false
2023-11-17 14:48:17,077 [  78008]   WARN - #c.i.e.r.RemoteProcessSupport - SLF4J: Class path contains multiple SLF4J bindings.
2023-11-17 14:48:17,078 [  78009]   WARN - #c.i.e.r.RemoteProcessSupport - SLF4J: Found binding in [jar:file:/home/lucopdev/idea-IC-232.10203.10/plugins/maven/lib/maven36-server.jar!/org/slf4j/impl/StaticLoggerBinder.class]
2023-11-17 14:48:17,078 [  78009]   WARN - #c.i.e.r.RemoteProcessSupport - SLF4J: Found binding in [jar:file:/home/lucopdev/idea-IC-232.10203.10/lib/util-8.jar!/org/slf4j/impl/StaticLoggerBinder.class]
2023-11-17 14:48:17,078 [  78009]   WARN - #c.i.e.r.RemoteProcessSupport - SLF4J: See http://www.slf4j.org/codes.html#multiple_bindings for an explanation.
2023-11-17 14:48:17,079 [  78010]   WARN - #c.i.e.r.RemoteProcessSupport - SLF4J: Actual binding is of type [org.jetbrains.idea.maven.server.Maven3WrapperSl4LoggerFactory]
2023-11-17 14:48:18,348 [  79279]   WARN - #c.i.o.a.i.Utils - 1391 ms to fillMenu@EditorPopup
2023-11-17 14:48:21,767 [  82698]   WARN - #o.j.k.i.s.r.KotlinCompilerReferenceIndexStorage - kotlin-data-container is not found
2023-11-17 14:50:12,484 [ 193415]   WARN - #c.i.o.m.LanguageLevelUtil - File not found: api22.txt
2023-11-17 14:50:24,712 [ 205643]   WARN - #o.j.k.i.s.r.KotlinCompilerReferenceIndexStorage - kotlin-data-container is not found
2023-11-17 14:52:23,685 [ 324616]   WARN - #c.i.u.x.Binding - no accessors for java.time.LocalTime
2023-11-17 14:52:26,788 [ 327719]   WARN - #o.j.k.i.s.r.KotlinCompilerReferenceIndexStorage - kotlin-data-container is not found
2023-11-17 14:52:37,079 [ 338010]   WARN - c.i.d.a.a.DockerAuthProvider$Default - Can't access config file in folder: /home/lucopdev/.docker
2023-11-17 14:53:06,716 [ 367647]   WARN - JetBrains UI DSL - Row should not be empty
2023-11-17 14:53:08,811 [ 369742]   WARN - #o.j.p.t.AbstractTerminalRunner - Cannot get terminal size from component, defaulting to 80x24
java.util.concurrent.CompletionException: java.lang.IllegalStateException: component should be showing
	at java.base/java.util.concurrent.CompletableFuture.encodeThrowable(CompletableFuture.java:332)
	at java.base/java.util.concurrent.CompletableFuture.uniApplyNow(CompletableFuture.java:674)
	at java.base/java.util.concurrent.CompletableFuture.uniApplyStage(CompletableFuture.java:662)
	at java.base/java.util.concurrent.CompletableFuture.thenApply(CompletableFuture.java:2168)
	at org.jetbrains.plugins.terminal.AbstractTerminalRunner.awaitTermSize(AbstractTerminalRunner.java:242)
	at org.jetbrains.plugins.terminal.AbstractTerminalRunner.lambda$openSessionInDirectory$4(AbstractTerminalRunner.java:205)
	at com.intellij.openapi.application.TransactionGuardImpl.runWithWritingAllowed(TransactionGuardImpl.java:208)
	at com.intellij.openapi.application.TransactionGuardImpl.access$100(TransactionGuardImpl.java:21)
	at com.intellij.openapi.application.TransactionGuardImpl$1.run(TransactionGuardImpl.java:190)
	at com.intellij.openapi.application.impl.ApplicationImpl.runIntendedWriteActionOnCurrentThread(ApplicationImpl.java:861)
	at com.intellij.openapi.application.impl.ApplicationImpl$4.run(ApplicationImpl.java:478)
	at com.intellij.openapi.application.impl.FlushQueue.doRun(FlushQueue.java:79)
	at com.intellij.openapi.application.impl.FlushQueue.runNextEvent(FlushQueue.java:121)
	at com.intellij.openapi.application.impl.FlushQueue.flushNow(FlushQueue.java:41)
	at java.desktop/java.awt.event.InvocationEvent.dispatch(InvocationEvent.java:318)
	at java.desktop/java.awt.EventQueue.dispatchEventImpl(EventQueue.java:792)
	at java.desktop/java.awt.EventQueue$3.run(EventQueue.java:739)
	at java.desktop/java.awt.EventQueue$3.run(EventQueue.java:733)
	at java.base/java.security.AccessController.doPrivileged(AccessController.java:399)
	at java.base/java.security.ProtectionDomain$JavaSecurityAccessImpl.doIntersectionPrivilege(ProtectionDomain.java:86)
	at java.desktop/java.awt.EventQueue.dispatchEvent(EventQueue.java:761)
	at com.intellij.ide.IdeEventQueue.defaultDispatchEvent(IdeEventQueue.kt:690)
	at com.intellij.ide.IdeEventQueue._dispatchEvent$lambda$10(IdeEventQueue.kt:593)
	at com.intellij.openapi.application.impl.ApplicationImpl.runWithoutImplicitRead(ApplicationImpl.java:1485)
	at com.intellij.ide.IdeEventQueue._dispatchEvent(IdeEventQueue.kt:593)
	at com.intellij.ide.IdeEventQueue.access$_dispatchEvent(IdeEventQueue.kt:67)
	at com.intellij.ide.IdeEventQueue$dispatchEvent$processEventRunnable$1$1$1.compute(IdeEventQueue.kt:369)
	at com.intellij.ide.IdeEventQueue$dispatchEvent$processEventRunnable$1$1$1.compute(IdeEventQueue.kt:368)
	at com.intellij.openapi.progress.impl.CoreProgressManager.computePrioritized(CoreProgressManager.java:787)
	at com.intellij.ide.IdeEventQueue$dispatchEvent$processEventRunnable$1$1.invoke(IdeEventQueue.kt:368)
	at com.intellij.ide.IdeEventQueue$dispatchEvent$processEventRunnable$1$1.invoke(IdeEventQueue.kt:363)
	at com.intellij.ide.IdeEventQueueKt.performActivity$lambda$1(IdeEventQueue.kt:997)
	at com.intellij.openapi.application.TransactionGuardImpl.performActivity(TransactionGuardImpl.java:105)
	at com.intellij.ide.IdeEventQueueKt.performActivity(IdeEventQueue.kt:997)
	at com.intellij.ide.IdeEventQueue.dispatchEvent$lambda$7(IdeEventQueue.kt:363)
	at com.intellij.openapi.application.impl.ApplicationImpl.runIntendedWriteActionOnCurrentThread(ApplicationImpl.java:861)
	at com.intellij.ide.IdeEventQueue.dispatchEvent(IdeEventQueue.kt:405)
	at java.desktop/java.awt.EventDispatchThread.pumpOneEventForFilters(EventDispatchThread.java:207)
	at java.desktop/java.awt.EventDispatchThread.pumpEventsForFilter(EventDispatchThread.java:128)
	at java.desktop/java.awt.EventDispatchThread.pumpEventsForHierarchy(EventDispatchThread.java:117)
	at java.desktop/java.awt.EventDispatchThread.pumpEvents(EventDispatchThread.java:113)
	at java.desktop/java.awt.EventDispatchThread.pumpEvents(EventDispatchThread.java:105)
	at java.desktop/java.awt.EventDispatchThread.run(EventDispatchThread.java:92)
Caused by: java.lang.IllegalStateException: component should be showing
	at org.jetbrains.plugins.terminal.exp.TerminalUiUtils.awaitComponentLayout(TerminalUiUtils.kt:84)
	... 39 more
2023-11-17 14:54:48,745 [ 469676] SEVERE - c.i.d.a.i.DockerAgentImpl - Status 404: {"message":"No such image: sha256:412b8cc72e4a28e086097c3fcb1ca391beaefe86bc421a57bc53f7596461ce3b"}

2023-11-17 14:54:48,745 [ 469676] SEVERE - c.i.d.a.i.DockerAgentImpl - Status 404: {"message":"No such image: sha256:412b8cc72e4a28e086097c3fcb1ca391beaefe86bc421a57bc53f7596461ce3b"}

2023-11-17 14:54:49,616 [ 470547] SEVERE - c.i.d.a.i.DockerAgentImpl - Status 500: {"message":"layer does not exist"}

2023-11-17 14:54:49,616 [ 470547] SEVERE - c.i.d.a.i.DockerAgentImpl - Status 500: {"message":"layer does not exist"}

2023-11-17 14:55:22,962 [ 503893]   WARN - c.i.d.a.a.DockerAuthProvider$Default - Can't access config file in folder: /home/lucopdev/.docker
2023-11-17 15:07:02,220 [1203151] SEVERE - com.jediterm.terminal.model.TerminalTextBuffer - Attempt to get line out of bounds: 14 >= 14
2023-11-17 15:07:02,221 [1203152] SEVERE - com.jediterm.terminal.model.TerminalTextBuffer - Attempt to get line out of bounds: 14 >= 14
2023-11-17 15:44:20,970 [3441901]   WARN - #c.i.o.o.e.ConfigurableExtensionPointUtil - ignore configurable with duplicated id: device.file.explorer
2023-11-17 15:44:21,099 [3442030]   WARN - #c.i.o.o.e.ConfigurableExtensionPointUtil - ignore deprecated groupId: language for id: preferences.language.Kotlin.scripting
2023-11-17 15:44:22,726 [3443657]   WARN - #c.i.o.a.i.ActionUpdater - 357 ms to grab EDT for BackAction#update@SettingsHistory (com.intellij.ide.actions.BackAction)
2023-11-17 15:44:23,113 [3444044]   WARN - #c.i.o.a.i.ActionUpdater - 383 ms to grab EDT for BackAction#update@SettingsHistory (com.intellij.ide.actions.BackAction)

2023-11-17 17:25:58,838 [9539769]   WARN - #o.j.i.maven - updateAllMavenProjectsSync started, edt=false
2023-11-17 17:25:58,842 [9539773]   WARN - #o.j.i.maven - updateAllMavenProjectsSync finished, edt=false
2023-11-17 17:26:01,478 [9542409]   WARN - #c.i.e.r.RemoteProcessSupport - SLF4J: Class path contains multiple SLF4J bindings.
2023-11-17 17:26:01,478 [9542409]   WARN - #c.i.e.r.RemoteProcessSupport - SLF4J: Found binding in [jar:file:/home/lucopdev/idea-IC-232.10203.10/plugins/maven/lib/maven36-server.jar!/org/slf4j/impl/StaticLoggerBinder.class]
2023-11-17 17:26:01,478 [9542409]   WARN - #c.i.e.r.RemoteProcessSupport - SLF4J: Found binding in [jar:file:/home/lucopdev/idea-IC-232.10203.10/lib/util-8.jar!/org/slf4j/impl/StaticLoggerBinder.class]
2023-11-17 17:26:01,478 [9542409]   WARN - #c.i.e.r.RemoteProcessSupport - SLF4J: See http://www.slf4j.org/codes.html#multiple_bindings for an explanation.
2023-11-17 17:26:01,478 [9542409]   WARN - #c.i.e.r.RemoteProcessSupport - SLF4J: Actual binding is of type [org.jetbrains.idea.maven.server.Maven3WrapperSl4LoggerFactory]
2023-11-17 17:27:02,849 [9603780]   WARN - org.apache.velocity.deprecation - configuration key 'resource.loader' has been deprecated in favor of 'resource.loaders'
2023-11-17 17:27:02,858 [9603789]   WARN - org.apache.velocity.deprecation - configuration key 'includes.resource.loader.instance' has been deprecated in favor of 'resource.loader.includes.instance'
2023-11-17 17:50:00,435 [10981366]   WARN - #o.j.k.i.s.r.KotlinCompilerReferenceIndexStorage - kotlin-data-container is not found
2023-11-17 18:14:36,842 [12457773]   WARN - #o.j.i.maven - updateMavenProjectsSync started, edt=false
2023-11-17 18:14:37,964 [12458895]   WARN - #o.j.i.maven - updateMavenProjectsSync finished, edt=false
2023-11-17 18:15:32,593 [12513524]   WARN - #o.j.i.maven - updateMavenProjectsSync started, edt=false
2023-11-17 18:15:36,151 [12517082]   WARN - #c.i.e.r.RemoteProcessSupport - SLF4J: Class path contains multiple SLF4J bindings.
2023-11-17 18:15:36,151 [12517082]   WARN - #c.i.e.r.RemoteProcessSupport - SLF4J: Found binding in [jar:file:/home/lucopdev/idea-IC-232.10203.10/lib/util-8.jar!/org/slf4j/impl/StaticLoggerBinder.class]
2023-11-17 18:15:36,151 [12517082]   WARN - #c.i.e.r.RemoteProcessSupport - SLF4J: Found binding in [jar:file:/home/lucopdev/idea-IC-232.10203.10/plugins/maven/lib/maven3/lib/maven-slf4j-provider-3.9.2.jar!/org/slf4j/impl/StaticLoggerBinder.class]
2023-11-17 18:15:36,151 [12517082]   WARN - #c.i.e.r.RemoteProcessSupport - SLF4J: See http://www.slf4j.org/codes.html#multiple_bindings for an explanation.
2023-11-17 18:15:36,156 [12517087]   WARN - #c.i.e.r.RemoteProcessSupport - SLF4J: Actual binding is of type [org.slf4j.impl.JDK14LoggerFactory]
2023-11-17 18:15:38,661 [12519592]   WARN - #o.j.i.maven - updateMavenProjectsSync started, edt=false
2023-11-17 18:15:43,002 [12523933]   WARN - #o.j.i.maven - updateMavenProjectsSync finished, edt=false
2023-11-17 18:15:43,017 [12523948]   WARN - #o.j.i.maven - updateMavenProjectsSync finished, edt=false
2023-11-17 18:16:13,472 [12554403]   WARN - #o.j.k.i.s.r.KotlinCompilerReferenceIndexStorage - kotlin-data-container is not found
2023-11-17 18:16:13,860 [12554791] SEVERE - #c.i.o.a.i.ApplicationImpl - Read access is allowed from inside read-action or Event Dispatch Thread (EDT) only (see Application.runReadAction()); see https://jb.gg/ij-platform-threading for details
Current thread: Thread[ApplicationImpl pooled thread 149,4,main] 1034648791 (EventQueue.isDispatchThread()=false)
SystemEventQueueThread: Thread[AWT-EventQueue-0,6,main] 990754948
com.intellij.openapi.diagnostic.RuntimeExceptionWithAttachments: Read access is allowed from inside read-action or Event Dispatch Thread (EDT) only (see Application.runReadAction()); see https://jb.gg/ij-platform-threading for details
Current thread: Thread[ApplicationImpl pooled thread 149,4,main] 1034648791 (EventQueue.isDispatchThread()=false)
SystemEventQueueThread: Thread[AWT-EventQueue-0,6,main] 990754948
	at com.intellij.openapi.application.impl.ApplicationImpl.createThreadAccessException(ApplicationImpl.java:1083)
	at com.intellij.openapi.application.impl.ApplicationImpl.assertReadAccessAllowed(ApplicationImpl.java:1038)
	at com.intellij.workspaceModel.core.fileIndex.impl.WorkspaceFileIndexDataImpl.ensureIsUpToDate(WorkspaceFileIndexDataImpl.kt:132)
	at com.intellij.workspaceModel.core.fileIndex.impl.WorkspaceFileIndexDataImpl.getFileInfo(WorkspaceFileIndexDataImpl.kt:74)
	at com.intellij.workspaceModel.core.fileIndex.impl.WorkspaceFileIndexImpl.getFileInfo(WorkspaceFileIndexImpl.kt:240)
	at com.intellij.workspaceModel.core.fileIndex.impl.WorkspaceFileIndexImpl.findFileSetWithCustomData(WorkspaceFileIndexImpl.kt:225)
	at com.intellij.openapi.roots.impl.ProjectFileIndexImpl.getContentRootForFile(ProjectFileIndexImpl.java:147)
	at com.intellij.openapi.roots.impl.ProjectFileIndexImpl.getContentRootForFile(ProjectFileIndexImpl.java:141)
	at com.intellij.ide.projectView.impl.ProjectRootsUtil.isModuleContentRoot(ProjectRootsUtil.java:98)
	at com.intellij.ide.projectView.impl.ProjectViewUtilKt.moduleBySingleContentRoot(projectViewUtil.kt:67)
	at com.intellij.ide.projectView.impl.ProjectViewUtilKt.moduleContext(projectViewUtil.kt:53)
	at com.intellij.ide.projectView.impl.AbstractProjectViewPane.getSlowDataFromSelection(AbstractProjectViewPane.java:498)
	at com.intellij.ide.projectView.impl.AbstractProjectViewPane.lambda$selectionProvider$2(AbstractProjectViewPane.java:476)
	at com.intellij.ide.impl.DataManagerImpl.getDataFromProviderInner(DataManagerImpl.java:241)
	at com.intellij.ide.impl.DataManagerImpl.getDataFromProviderInner(DataManagerImpl.java:252)
	at com.intellij.ide.impl.DataManagerImpl.getSlowData(DataManagerImpl.java:225)
	at com.intellij.ide.impl.DataManagerImpl.lambda$getDataRuleInner$6(DataManagerImpl.java:177)
	at com.intellij.ide.impl.DataManagerImpl.getDataFromRuleInner(DataManagerImpl.java:112)
	at com.intellij.ide.impl.DataManagerImpl.getDataFromRulesInner(DataManagerImpl.java:99)
	at com.intellij.ide.impl.DataManagerImpl.getDataFromProviderAndRulesInner(DataManagerImpl.java:85)
	at com.intellij.ide.impl.DataManagerImpl.lambda$getDataFromRuleInner$3(DataManagerImpl.java:113)
	at com.intellij.openapi.actionSystem.DataKey.getData(DataKey.java:68)
	at com.intellij.ide.impl.dataRules.ModuleRule.getData(ModuleRule.java:40)
	at com.intellij.ide.impl.DataManagerImpl.getRulesData(DataManagerImpl.java:210)
	at com.intellij.ide.impl.DataManagerImpl.lambda$getDataRuleInner$8(DataManagerImpl.java:183)
	at com.intellij.ide.impl.DataManagerImpl.getDataFromRuleInner(DataManagerImpl.java:112)
	at com.intellij.ide.impl.DataManagerImpl.getDataFromRulesInner(DataManagerImpl.java:99)
	at com.intellij.ide.impl.DataManagerImpl.getDataFromRules(DataManagerImpl.java:67)
	at com.intellij.openapi.actionSystem.impl.PreCachedDataContext.getDataInner(PreCachedDataContext.java:225)
	at com.intellij.openapi.actionSystem.impl.PreCachedDataContext.getData(PreCachedDataContext.java:167)
	at com.intellij.openapi.actionSystem.DataKey.getData(DataKey.java:63)
	at com.intellij.execution.util.ProgramParametersConfigurator.expandMacros(ProgramParametersConfigurator.java:125)
	at com.intellij.execution.util.ProgramParametersConfigurator.expandMacrosAndParseParameters(ProgramParametersConfigurator.java:113)
	at com.intellij.execution.util.JavaParametersUtil.configureConfiguration(JavaParametersUtil.java:61)
	at com.intellij.execution.JavaTestFrameworkRunnableState.createJavaParameters(JavaTestFrameworkRunnableState.java:346)
	at com.intellij.execution.junit.TestObject.createJavaParameters(TestObject.java:278)
	at com.intellij.execution.junit.TestPackage.createJavaParameters(TestPackage.java:208)
	at com.intellij.execution.configurations.JavaCommandLineState.getJavaParameters(JavaCommandLineState.java:41)
	at com.intellij.execution.impl.DefaultJavaProgramRunner.patchJavaCommandLineParams(DefaultJavaProgramRunner.java:132)
	at com.intellij.execution.impl.DefaultJavaProgramRunner.lambda$doExecuteAsync$4(DefaultJavaProgramRunner.java:158)
	at com.intellij.execution.target.TargetEnvironmentAwareRunProfileState$1.run(TargetEnvironmentAwareRunProfileState.java:58)
	at com.intellij.openapi.progress.impl.CoreProgressManager.startTask(CoreProgressManager.java:428)
	at com.intellij.openapi.progress.impl.ProgressManagerImpl.startTask(ProgressManagerImpl.java:115)
	at com.intellij.openapi.progress.impl.CoreProgressManager.lambda$runProcessWithProgressAsynchronously$6(CoreProgressManager.java:478)
	at com.intellij.openapi.progress.impl.ProgressRunner.lambda$submit$4(ProgressRunner.java:251)
	at com.intellij.openapi.progress.ProgressManager.lambda$runProcess$0(ProgressManager.java:71)
	at com.intellij.openapi.progress.impl.CoreProgressManager.lambda$runProcess$2(CoreProgressManager.java:186)
	at com.intellij.openapi.progress.impl.CoreProgressManager.lambda$executeProcessUnderProgress$13(CoreProgressManager.java:604)
	at com.intellij.openapi.progress.impl.CoreProgressManager.registerIndicatorAndRun(CoreProgressManager.java:679)
	at com.intellij.openapi.progress.impl.CoreProgressManager.computeUnderProgress(CoreProgressManager.java:635)
	at com.intellij.openapi.progress.impl.CoreProgressManager.executeProcessUnderProgress(CoreProgressManager.java:603)
	at com.intellij.openapi.progress.impl.ProgressManagerImpl.executeProcessUnderProgress(ProgressManagerImpl.java:61)
	at com.intellij.openapi.progress.impl.CoreProgressManager.runProcess(CoreProgressManager.java:173)
	at com.intellij.openapi.progress.ProgressManager.runProcess(ProgressManager.java:71)
	at com.intellij.openapi.progress.impl.ProgressRunner.lambda$submit$5(ProgressRunner.java:251)
	at com.intellij.openapi.progress.impl.ProgressRunner.lambda$launchTask$18(ProgressRunner.java:465)
	at com.intellij.openapi.progress.impl.ProgressRunner.lambda$launchTask$19(ProgressRunner.java:477)
	at java.base/java.util.concurrent.ThreadPoolExecutor.runWorker(ThreadPoolExecutor.java:1136)
	at java.base/java.util.concurrent.ThreadPoolExecutor$Worker.run(ThreadPoolExecutor.java:635)
	at java.base/java.util.concurrent.Executors$PrivilegedThreadFactory$1$1.run(Executors.java:702)
	at java.base/java.util.concurrent.Executors$PrivilegedThreadFactory$1$1.run(Executors.java:699)
	at java.base/java.security.AccessController.doPrivileged(AccessController.java:399)
	at java.base/java.util.concurrent.Executors$PrivilegedThreadFactory$1.run(Executors.java:699)
	at java.base/java.lang.Thread.run(Thread.java:833)
2023-11-17 18:16:13,865 [12554796] SEVERE - #c.i.o.a.i.ApplicationImpl - IntelliJ IDEA 2023.2.4  Build #IC-232.10203.10
2023-11-17 18:16:13,868 [12554799] SEVERE - #c.i.o.a.i.ApplicationImpl - JDK: 17.0.8.1; VM: OpenJDK 64-Bit Server VM; Vendor: JetBrains s.r.o.
2023-11-17 18:16:13,868 [12554799] SEVERE - #c.i.o.a.i.ApplicationImpl - OS: Linux
2023-11-17 18:16:13,885 [12554816] SEVERE - #c.i.o.a.i.ApplicationImpl - Read access is allowed from inside read-action or Event Dispatch Thread (EDT) only (see Application.runReadAction()); see https://jb.gg/ij-platform-threading for details
Current thread: Thread[ApplicationImpl pooled thread 149,4,main] 1034648791 (EventQueue.isDispatchThread()=false)
SystemEventQueueThread: Thread[AWT-EventQueue-0,6,main] 990754948
com.intellij.openapi.diagnostic.RuntimeExceptionWithAttachments: Read access is allowed from inside read-action or Event Dispatch Thread (EDT) only (see Application.runReadAction()); see https://jb.gg/ij-platform-threading for details
Current thread: Thread[ApplicationImpl pooled thread 149,4,main] 1034648791 (EventQueue.isDispatchThread()=false)
SystemEventQueueThread: Thread[AWT-EventQueue-0,6,main] 990754948
	at com.intellij.openapi.application.impl.ApplicationImpl.createThreadAccessException(ApplicationImpl.java:1083)
	at com.intellij.openapi.application.impl.ApplicationImpl.assertReadAccessAllowed(ApplicationImpl.java:1038)
	at com.intellij.workspaceModel.core.fileIndex.impl.WorkspaceFileIndexDataImpl.ensureIsUpToDate(WorkspaceFileIndexDataImpl.kt:132)
	at com.intellij.workspaceModel.core.fileIndex.impl.WorkspaceFileIndexDataImpl.getFileInfo(WorkspaceFileIndexDataImpl.kt:74)
	at com.intellij.workspaceModel.core.fileIndex.impl.WorkspaceFileIndexImpl.getFileInfo(WorkspaceFileIndexImpl.kt:240)
	at com.intellij.workspaceModel.core.fileIndex.impl.WorkspaceFileIndexImpl.findFileSetWithCustomData(WorkspaceFileIndexImpl.kt:225)
	at com.intellij.openapi.roots.impl.ProjectFileIndexImpl.getContentRootForFile(ProjectFileIndexImpl.java:147)
	at com.intellij.openapi.roots.impl.ProjectFileIndexImpl.getContentRootForFile(ProjectFileIndexImpl.java:141)
	at com.intellij.ide.projectView.impl.ProjectRootsUtil.isModuleContentRoot(ProjectRootsUtil.java:98)
	at com.intellij.ide.projectView.impl.ProjectViewUtilKt.moduleBySingleContentRoot(projectViewUtil.kt:67)
	at com.intellij.ide.projectView.impl.ProjectViewUtilKt.moduleContext(projectViewUtil.kt:53)
	at com.intellij.ide.projectView.impl.ProjectViewUtilKt.moduleContexts(projectViewUtil.kt:45)
	at com.intellij.ide.projectView.impl.ProjectViewUtilKt.moduleContexts(projectViewUtil.kt:35)
	at com.intellij.ide.projectView.impl.AbstractProjectViewPane.getSelectedModules(AbstractProjectViewPane.java:563)
	at com.intellij.ide.projectView.impl.AbstractProjectViewPane.getSlowDataFromSelection(AbstractProjectViewPane.java:501)
	at com.intellij.ide.projectView.impl.AbstractProjectViewPane.lambda$selectionProvider$2(AbstractProjectViewPane.java:476)
	at com.intellij.ide.impl.DataManagerImpl.getDataFromProviderInner(DataManagerImpl.java:241)
	at com.intellij.ide.impl.DataManagerImpl.getDataFromProviderInner(DataManagerImpl.java:252)
	at com.intellij.ide.impl.DataManagerImpl.getSlowData(DataManagerImpl.java:225)
	at com.intellij.ide.impl.DataManagerImpl.lambda$getDataRuleInner$6(DataManagerImpl.java:177)
	at com.intellij.ide.impl.DataManagerImpl.getDataFromRuleInner(DataManagerImpl.java:112)
	at com.intellij.ide.impl.DataManagerImpl.getDataFromRulesInner(DataManagerImpl.java:99)
	at com.intellij.ide.impl.DataManagerImpl.getDataFromProviderAndRulesInner(DataManagerImpl.java:85)
	at com.intellij.ide.impl.DataManagerImpl.lambda$getDataFromRuleInner$3(DataManagerImpl.java:113)
	at com.intellij.openapi.actionSystem.DataKey.getData(DataKey.java:68)
	at com.intellij.ide.impl.dataRules.VirtualFileArrayRule.getData(VirtualFileArrayRule.java:55)
	at com.intellij.ide.impl.DataManagerImpl.getRulesData(DataManagerImpl.java:210)
	at com.intellij.ide.impl.DataManagerImpl.lambda$getDataRuleInner$8(DataManagerImpl.java:183)
	at com.intellij.ide.impl.DataManagerImpl.getDataFromRuleInner(DataManagerImpl.java:112)
	at com.intellij.ide.impl.DataManagerImpl.getDataFromRulesInner(DataManagerImpl.java:99)
	at com.intellij.ide.impl.DataManagerImpl.getDataFromProviderAndRulesInner(DataManagerImpl.java:85)
	at com.intellij.ide.impl.DataManagerImpl.lambda$getDataFromRuleInner$3(DataManagerImpl.java:113)
	at com.intellij.openapi.actionSystem.DataKey.getData(DataKey.java:68)
	at com.intellij.ide.impl.dataRules.ModuleRule.getData(ModuleRule.java:47)
	at com.intellij.ide.impl.DataManagerImpl.getRulesData(DataManagerImpl.java:210)
	at com.intellij.ide.impl.DataManagerImpl.lambda$getDataRuleInner$8(DataManagerImpl.java:183)
	at com.intellij.ide.impl.DataManagerImpl.getDataFromRuleInner(DataManagerImpl.java:112)
	at com.intellij.ide.impl.DataManagerImpl.getDataFromRulesInner(DataManagerImpl.java:99)
	at com.intellij.ide.impl.DataManagerImpl.getDataFromRules(DataManagerImpl.java:67)
	at com.intellij.openapi.actionSystem.impl.PreCachedDataContext.getDataInner(PreCachedDataContext.java:225)
	at com.intellij.openapi.actionSystem.impl.PreCachedDataContext.getData(PreCachedDataContext.java:167)
	at com.intellij.openapi.actionSystem.DataKey.getData(DataKey.java:63)
	at com.intellij.execution.util.ProgramParametersConfigurator.expandMacros(ProgramParametersConfigurator.java:125)
	at com.intellij.execution.util.ProgramParametersConfigurator.expandMacrosAndParseParameters(ProgramParametersConfigurator.java:113)
	at com.intellij.execution.util.JavaParametersUtil.configureConfiguration(JavaParametersUtil.java:61)
	at com.intellij.execution.JavaTestFrameworkRunnableState.createJavaParameters(JavaTestFrameworkRunnableState.java:346)
	at com.intellij.execution.junit.TestObject.createJavaParameters(TestObject.java:278)
	at com.intellij.execution.junit.TestPackage.createJavaParameters(TestPackage.java:208)
	at com.intellij.execution.configurations.JavaCommandLineState.getJavaParameters(JavaCommandLineState.java:41)
	at com.intellij.execution.impl.DefaultJavaProgramRunner.patchJavaCommandLineParams(DefaultJavaProgramRunner.java:132)
	at com.intellij.execution.impl.DefaultJavaProgramRunner.lambda$doExecuteAsync$4(DefaultJavaProgramRunner.java:158)
	at com.intellij.execution.target.TargetEnvironmentAwareRunProfileState$1.run(TargetEnvironmentAwareRunProfileState.java:58)
	at com.intellij.openapi.progress.impl.CoreProgressManager.startTask(CoreProgressManager.java:428)
	at com.intellij.openapi.progress.impl.ProgressManagerImpl.startTask(ProgressManagerImpl.java:115)
	at com.intellij.openapi.progress.impl.CoreProgressManager.lambda$runProcessWithProgressAsynchronously$6(CoreProgressManager.java:478)
	at com.intellij.openapi.progress.impl.ProgressRunner.lambda$submit$4(ProgressRunner.java:251)
	at com.intellij.openapi.progress.ProgressManager.lambda$runProcess$0(ProgressManager.java:71)
	at com.intellij.openapi.progress.impl.CoreProgressManager.lambda$runProcess$2(CoreProgressManager.java:186)
	at com.intellij.openapi.progress.impl.CoreProgressManager.lambda$executeProcessUnderProgress$13(CoreProgressManager.java:604)
	at com.intellij.openapi.progress.impl.CoreProgressManager.registerIndicatorAndRun(CoreProgressManager.java:679)
	at com.intellij.openapi.progress.impl.CoreProgressManager.computeUnderProgress(CoreProgressManager.java:635)
	at com.intellij.openapi.progress.impl.CoreProgressManager.executeProcessUnderProgress(CoreProgressManager.java:603)
	at com.intellij.openapi.progress.impl.ProgressManagerImpl.executeProcessUnderProgress(ProgressManagerImpl.java:61)
	at com.intellij.openapi.progress.impl.CoreProgressManager.runProcess(CoreProgressManager.java:173)
	at com.intellij.openapi.progress.ProgressManager.runProcess(ProgressManager.java:71)
	at com.intellij.openapi.progress.impl.ProgressRunner.lambda$submit$5(ProgressRunner.java:251)
	at com.intellij.openapi.progress.impl.ProgressRunner.lambda$launchTask$18(ProgressRunner.java:465)
	at com.intellij.openapi.progress.impl.ProgressRunner.lambda$launchTask$19(ProgressRunner.java:477)
	at java.base/java.util.concurrent.ThreadPoolExecutor.runWorker(ThreadPoolExecutor.java:1136)
	at java.base/java.util.concurrent.ThreadPoolExecutor$Worker.run(ThreadPoolExecutor.java:635)
	at java.base/java.util.concurrent.Executors$PrivilegedThreadFactory$1$1.run(Executors.java:702)
	at java.base/java.util.concurrent.Executors$PrivilegedThreadFactory$1$1.run(Executors.java:699)
	at java.base/java.security.AccessController.doPrivileged(AccessController.java:399)
	at java.base/java.util.concurrent.Executors$PrivilegedThreadFactory$1.run(Executors.java:699)
	at java.base/java.lang.Thread.run(Thread.java:833)
2023-11-17 18:16:13,887 [12554818] SEVERE - #c.i.o.a.i.ApplicationImpl - IntelliJ IDEA 2023.2.4  Build #IC-232.10203.10
2023-11-17 18:16:13,887 [12554818] SEVERE - #c.i.o.a.i.ApplicationImpl - JDK: 17.0.8.1; VM: OpenJDK 64-Bit Server VM; Vendor: JetBrains s.r.o.
2023-11-17 18:16:13,888 [12554819] SEVERE - #c.i.o.a.i.ApplicationImpl - OS: Linux
2023-11-17 18:16:13,896 [12554827] SEVERE - #c.i.o.a.i.ApplicationImpl - Read access is allowed from inside read-action or Event Dispatch Thread (EDT) only (see Application.runReadAction()); see https://jb.gg/ij-platform-threading for details
Current thread: Thread[ApplicationImpl pooled thread 149,4,main] 1034648791 (EventQueue.isDispatchThread()=false)
SystemEventQueueThread: Thread[AWT-EventQueue-0,6,main] 990754948
com.intellij.openapi.diagnostic.RuntimeExceptionWithAttachments: Read access is allowed from inside read-action or Event Dispatch Thread (EDT) only (see Application.runReadAction()); see https://jb.gg/ij-platform-threading for details
Current thread: Thread[ApplicationImpl pooled thread 149,4,main] 1034648791 (EventQueue.isDispatchThread()=false)
SystemEventQueueThread: Thread[AWT-EventQueue-0,6,main] 990754948
	at com.intellij.openapi.application.impl.ApplicationImpl.createThreadAccessException(ApplicationImpl.java:1083)
	at com.intellij.openapi.application.impl.ApplicationImpl.assertReadAccessAllowed(ApplicationImpl.java:1038)
	at com.intellij.workspaceModel.core.fileIndex.impl.WorkspaceFileIndexDataImpl.ensureIsUpToDate(WorkspaceFileIndexDataImpl.kt:132)
	at com.intellij.workspaceModel.core.fileIndex.impl.WorkspaceFileIndexDataImpl.getFileInfo(WorkspaceFileIndexDataImpl.kt:74)
	at com.intellij.workspaceModel.core.fileIndex.impl.WorkspaceFileIndexImpl.getFileInfo(WorkspaceFileIndexImpl.kt:240)
	at com.intellij.workspaceModel.core.fileIndex.impl.WorkspaceFileIndexImpl.findFileSetWithCustomData(WorkspaceFileIndexImpl.kt:225)
	at com.intellij.openapi.roots.impl.ProjectFileIndexImpl.getContentRootForFile(ProjectFileIndexImpl.java:147)
	at com.intellij.openapi.roots.impl.ProjectFileIndexImpl.getContentRootForFile(ProjectFileIndexImpl.java:141)
	at com.intellij.ide.projectView.impl.ProjectRootsUtil.isModuleContentRoot(ProjectRootsUtil.java:98)
	at com.intellij.ide.projectView.impl.ProjectViewUtilKt.moduleBySingleContentRoot(projectViewUtil.kt:67)
	at com.intellij.ide.projectView.impl.ProjectViewUtilKt.moduleContext(projectViewUtil.kt:53)
	at com.intellij.ide.projectView.impl.AbstractProjectViewPane.getSlowDataFromSelection(AbstractProjectViewPane.java:498)
	at com.intellij.ide.projectView.impl.AbstractProjectViewPane.lambda$selectionProvider$2(AbstractProjectViewPane.java:476)
	at com.intellij.ide.impl.DataManagerImpl.getDataFromProviderInner(DataManagerImpl.java:241)
	at com.intellij.ide.impl.DataManagerImpl.getDataFromProviderInner(DataManagerImpl.java:252)
	at com.intellij.ide.impl.DataManagerImpl.getSlowData(DataManagerImpl.java:225)
	at com.intellij.ide.impl.DataManagerImpl.lambda$getDataRuleInner$6(DataManagerImpl.java:177)
	at com.intellij.ide.impl.DataManagerImpl.getDataFromRuleInner(DataManagerImpl.java:112)
	at com.intellij.ide.impl.DataManagerImpl.getDataFromRulesInner(DataManagerImpl.java:99)
	at com.intellij.ide.impl.DataManagerImpl.getDataFromProviderAndRulesInner(DataManagerImpl.java:85)
	at com.intellij.ide.impl.DataManagerImpl.lambda$getDataFromRuleInner$3(DataManagerImpl.java:113)
	at com.intellij.openapi.actionSystem.DataKey.getData(DataKey.java:68)
	at com.intellij.ide.impl.dataRules.VirtualFileArrayRule.getData(VirtualFileArrayRule.java:62)
	at com.intellij.ide.impl.DataManagerImpl.getRulesData(DataManagerImpl.java:210)
	at com.intellij.ide.impl.DataManagerImpl.lambda$getDataRuleInner$8(DataManagerImpl.java:183)
	at com.intellij.ide.impl.DataManagerImpl.getDataFromRuleInner(DataManagerImpl.java:112)
	at com.intellij.ide.impl.DataManagerImpl.getDataFromRulesInner(DataManagerImpl.java:99)
	at com.intellij.ide.impl.DataManagerImpl.getDataFromProviderAndRulesInner(DataManagerImpl.java:85)
	at com.intellij.ide.impl.DataManagerImpl.lambda$getDataFromRuleInner$3(DataManagerImpl.java:113)
	at com.intellij.openapi.actionSystem.DataKey.getData(DataKey.java:68)
	at com.intellij.ide.impl.dataRules.ModuleRule.getData(ModuleRule.java:47)
	at com.intellij.ide.impl.DataManagerImpl.getRulesData(DataManagerImpl.java:210)
	at com.intellij.ide.impl.DataManagerImpl.lambda$getDataRuleInner$8(DataManagerImpl.java:183)
	at com.intellij.ide.impl.DataManagerImpl.getDataFromRuleInner(DataManagerImpl.java:112)
	at com.intellij.ide.impl.DataManagerImpl.getDataFromRulesInner(DataManagerImpl.java:99)
	at com.intellij.ide.impl.DataManagerImpl.getDataFromRules(DataManagerImpl.java:67)
	at com.intellij.openapi.actionSystem.impl.PreCachedDataContext.getDataInner(PreCachedDataContext.java:225)
	at com.intellij.openapi.actionSystem.impl.PreCachedDataContext.getData(PreCachedDataContext.java:167)
	at com.intellij.openapi.actionSystem.DataKey.getData(DataKey.java:63)
	at com.intellij.execution.util.ProgramParametersConfigurator.expandMacros(ProgramParametersConfigurator.java:125)
	at com.intellij.execution.util.ProgramParametersConfigurator.expandMacrosAndParseParameters(ProgramParametersConfigurator.java:113)
	at com.intellij.execution.util.JavaParametersUtil.configureConfiguration(JavaParametersUtil.java:61)
	at com.intellij.execution.JavaTestFrameworkRunnableState.createJavaParameters(JavaTestFrameworkRunnableState.java:346)
	at com.intellij.execution.junit.TestObject.createJavaParameters(TestObject.java:278)
	at com.intellij.execution.junit.TestPackage.createJavaParameters(TestPackage.java:208)
	at com.intellij.execution.configurations.JavaCommandLineState.getJavaParameters(JavaCommandLineState.java:41)
	at com.intellij.execution.impl.DefaultJavaProgramRunner.patchJavaCommandLineParams(DefaultJavaProgramRunner.java:132)
	at com.intellij.execution.impl.DefaultJavaProgramRunner.lambda$doExecuteAsync$4(DefaultJavaProgramRunner.java:158)
	at com.intellij.execution.target.TargetEnvironmentAwareRunProfileState$1.run(TargetEnvironmentAwareRunProfileState.java:58)
	at com.intellij.openapi.progress.impl.CoreProgressManager.startTask(CoreProgressManager.java:428)
	at com.intellij.openapi.progress.impl.ProgressManagerImpl.startTask(ProgressManagerImpl.java:115)
	at com.intellij.openapi.progress.impl.CoreProgressManager.lambda$runProcessWithProgressAsynchronously$6(CoreProgressManager.java:478)
	at com.intellij.openapi.progress.impl.ProgressRunner.lambda$submit$4(ProgressRunner.java:251)
	at com.intellij.openapi.progress.ProgressManager.lambda$runProcess$0(ProgressManager.java:71)
	at com.intellij.openapi.progress.impl.CoreProgressManager.lambda$runProcess$2(CoreProgressManager.java:186)
	at com.intellij.openapi.progress.impl.CoreProgressManager.lambda$executeProcessUnderProgress$13(CoreProgressManager.java:604)
	at com.intellij.openapi.progress.impl.CoreProgressManager.registerIndicatorAndRun(CoreProgressManager.java:679)
	at com.intellij.openapi.progress.impl.CoreProgressManager.computeUnderProgress(CoreProgressManager.java:635)
	at com.intellij.openapi.progress.impl.CoreProgressManager.executeProcessUnderProgress(CoreProgressManager.java:603)
	at com.intellij.openapi.progress.impl.ProgressManagerImpl.executeProcessUnderProgress(ProgressManagerImpl.java:61)
	at com.intellij.openapi.progress.impl.CoreProgressManager.runProcess(CoreProgressManager.java:173)
	at com.intellij.openapi.progress.ProgressManager.runProcess(ProgressManager.java:71)
	at com.intellij.openapi.progress.impl.ProgressRunner.lambda$submit$5(ProgressRunner.java:251)
	at com.intellij.openapi.progress.impl.ProgressRunner.lambda$launchTask$18(ProgressRunner.java:465)
	at com.intellij.openapi.progress.impl.ProgressRunner.lambda$launchTask$19(ProgressRunner.java:477)
	at java.base/java.util.concurrent.ThreadPoolExecutor.runWorker(ThreadPoolExecutor.java:1136)
	at java.base/java.util.concurrent.ThreadPoolExecutor$Worker.run(ThreadPoolExecutor.java:635)
	at java.base/java.util.concurrent.Executors$PrivilegedThreadFactory$1$1.run(Executors.java:702)
	at java.base/java.util.concurrent.Executors$PrivilegedThreadFactory$1$1.run(Executors.java:699)
	at java.base/java.security.AccessController.doPrivileged(AccessController.java:399)
	at java.base/java.util.concurrent.Executors$PrivilegedThreadFactory$1.run(Executors.java:699)
	at java.base/java.lang.Thread.run(Thread.java:833)
2023-11-17 18:16:13,900 [12554831] SEVERE - #c.i.o.a.i.ApplicationImpl - IntelliJ IDEA 2023.2.4  Build #IC-232.10203.10
2023-11-17 18:16:13,900 [12554831] SEVERE - #c.i.o.a.i.ApplicationImpl - JDK: 17.0.8.1; VM: OpenJDK 64-Bit Server VM; Vendor: JetBrains s.r.o.
2023-11-17 18:16:13,900 [12554831] SEVERE - #c.i.o.a.i.ApplicationImpl - OS: Linux
2023-11-17 18:18:39,185 [12700116]   WARN - #o.j.k.i.s.r.KotlinCompilerReferenceIndexStorage - kotlin-data-container is not found

2023-11-17 18:23:28,940 [12989871]   WARN - #o.j.i.maven - updateAllMavenProjectsSync started, edt=false
2023-11-17 18:23:28,941 [12989872]   WARN - #o.j.i.maven - updateAllMavenProjectsSync finished, edt=false
2023-11-17 18:23:31,299 [12992230]   WARN - #c.i.e.r.RemoteProcessSupport - SLF4J: Class path contains multiple SLF4J bindings.
2023-11-17 18:23:31,300 [12992231]   WARN - #c.i.e.r.RemoteProcessSupport - SLF4J: Found binding in [jar:file:/home/lucopdev/idea-IC-232.10203.10/plugins/maven/lib/maven36-server.jar!/org/slf4j/impl/StaticLoggerBinder.class]
2023-11-17 18:23:31,300 [12992231]   WARN - #c.i.e.r.RemoteProcessSupport - SLF4J: Found binding in [jar:file:/home/lucopdev/idea-IC-232.10203.10/lib/util-8.jar!/org/slf4j/impl/StaticLoggerBinder.class]
2023-11-17 18:23:31,300 [12992231]   WARN - #c.i.e.r.RemoteProcessSupport - SLF4J: See http://www.slf4j.org/codes.html#multiple_bindings for an explanation.
2023-11-17 18:23:31,300 [12992231]   WARN - #c.i.e.r.RemoteProcessSupport - SLF4J: Actual binding is of type [org.jetbrains.idea.maven.server.Maven3WrapperSl4LoggerFactory]
2023-11-17 18:23:35,668 [12996599]   WARN - #o.j.k.i.s.r.KotlinCompilerReferenceIndexStorage - kotlin-data-container is not found
2023-11-17 18:27:44,782 [13245713]   WARN - #o.j.k.i.s.r.KotlinCompilerReferenceIndexStorage - kotlin-data-container is not found
2023-11-17 18:28:01,925 [13262856]   WARN - #o.j.k.i.s.r.KotlinCompilerReferenceIndexStorage - kotlin-data-container is not found
2023-11-17 18:28:15,571 [13276502]   WARN - #o.j.k.i.s.r.KotlinCompilerReferenceIndexStorage - kotlin-data-container is not found
2023-11-17 18:28:26,750 [13287681]   WARN - #o.j.k.i.s.r.KotlinCompilerReferenceIndexStorage - kotlin-data-container is not found
2023-11-17 18:28:36,758 [13297689]   WARN - #o.j.k.i.s.r.KotlinCompilerReferenceIndexStorage - kotlin-data-container is not found
2023-11-17 18:28:43,849 [13304780]   WARN - c.i.e.t.s.r.GeneralTestEventsProcessor - [JUnit]: TestStartedEvent{name='Class Configuration', id='[engine:junit-jupiter]/[class:com.betrybe.agrix.evaluation.FarmManagementTest]', parentId='0', running=true} has been already started: {id=[engine:junit-jupiter]/[class:com.betrybe.agrix.evaluation.FarmManagementTest], parentId=0, name='Req 01-03', isSuite=true, state=RUNNING}!
2023-11-17 18:28:45,763 [13306694]   WARN - #o.j.k.i.s.r.KotlinCompilerReferenceIndexStorage - kotlin-data-container is not found
